\BOOKMARK [0][]{Contents.0}{\376\377\000T\000a\000b\000l\000e\000\040\000o\000f\000\040\000c\000o\000n\000t\000e\000n\000t\000s}{}% 1
\BOOKMARK [0][]{chapter*.4}{\376\377\000L\000i\000s\000t\000\040\000o\000f\000\040\000f\000i\000g\000u\000r\000e\000s}{}% 2
\BOOKMARK [0][]{chapter*.5}{\376\377\000L\000i\000s\000t\000\040\000o\000f\000\040\000t\000a\000b\000l\000e\000s}{}% 3
\BOOKMARK [0][]{chapter.1}{\376\377\0001\000\040\000M\000a\000r\000k\000o\000v\000\040\000P\000r\000o\000c\000e\000s\000s\000e\000s}{}% 4
\BOOKMARK [1][]{section.1.1}{\376\377\0001\000.\0001\000\040\000M\000a\000r\000k\000o\000v\000\040\000P\000r\000o\000c\000e\000s\000s\000e\000s}{chapter.1}% 5
\BOOKMARK [2][]{subsection.1.1.1}{\376\377\0001\000.\0001\000.\0001\000\040\000D\000e\000f\000i\000n\000i\000t\000i\000o\000n\000\040\000a\000n\000d\000\040\000P\000r\000o\000p\000e\000r\000t\000i\000e\000s}{section.1.1}% 6
\BOOKMARK [1][]{section.1.2}{\376\377\0001\000.\0002\000\040\000D\000i\000s\000c\000r\000e\000t\000e\000-\000t\000i\000m\000e\000\040\000M\000a\000r\000k\000o\000v\000\040\000C\000h\000a\000i\000n\000s}{chapter.1}% 7
\BOOKMARK [1][]{section.1.3}{\376\377\0001\000.\0003\000\040\000C\000o\000n\000t\000i\000n\000o\000u\000s\000-\000t\000i\000m\000e\000\040\000M\000a\000r\000k\000o\000v\000\040\000C\000h\000a\000i\000n\000s}{chapter.1}% 8
\BOOKMARK [1][]{section.1.4}{\376\377\0001\000.\0004\000\040\000H\000i\000d\000d\000e\000n\000\040\000M\000a\000r\000k\000o\000v\000\040\000M\000o\000d\000e\000l}{chapter.1}% 9
\BOOKMARK [2][]{subsection.1.4.1}{\376\377\0001\000.\0004\000.\0001\000\040\000F\000o\000r\000w\000a\000r\000d\000\040\000a\000n\000d\000\040\000B\000a\000c\000k\000w\000a\000r\000d\000\040\000a\000l\000g\000o\000r\000i\000t\000h\000m}{section.1.4}% 10
\BOOKMARK [2][]{subsection.1.4.2}{\376\377\0001\000.\0004\000.\0002\000\040\000V\000i\000t\000e\000r\000b\000i\000\040\000a\000l\000g\000o\000r\000i\000t\000h\000m}{section.1.4}% 11
\BOOKMARK [1][]{section.1.5}{\376\377\0001\000.\0005\000\040\000K\000a\000l\000m\000a\000n\000\040\000F\000i\000l\000t\000e\000r\000s}{chapter.1}% 12
\BOOKMARK [0][]{chapter.2}{\376\377\0002\000\040\000P\000a\000r\000a\000m\000e\000t\000e\000r\000\040\000E\000s\000t\000i\000m\000a\000t\000i\000o\000n\000\040\000f\000o\000r\000\040\000H\000i\000d\000d\000e\000n\000\040\000M\000a\000r\000k\000o\000v\000\040\000M\000o\000d\000e\000l\000s}{}% 13
\BOOKMARK [1][]{section.2.1}{\376\377\0002\000.\0001\000\040\000\040\000E\000x\000p\000e\000c\000t\000a\000t\000i\000o\000n\040\023\000M\000a\000x\000i\000m\000i\000z\000a\000t\000i\000o\000n\000\040\000a\000l\000g\000o\000r\000i\000t\000h\000m}{chapter.2}% 14
\BOOKMARK [2][]{subsection.2.1.1}{\376\377\0002\000.\0001\000.\0001\000\040\000B\000a\000u\000m\000-\000W\000e\000l\000s\000c\000h\000\040\000a\000l\000g\000o\000r\000i\000t\000h\000m}{section.2.1}% 15
\BOOKMARK [1][]{section.2.2}{\376\377\0002\000.\0002\000\040\000O\000b\000s\000e\000r\000v\000a\000b\000l\000e\000\040\000s\000t\000a\000t\000e\000s}{chapter.2}% 16
\BOOKMARK [1][]{section.2.3}{\376\377\0002\000.\0003\000\040\000M\000o\000v\000i\000n\000g\000\040\000A\000v\000e\000r\000a\000g\000e\000\040\000C\000o\000n\000v\000e\000r\000g\000e\000n\000c\000e\000\040\000D\000i\000v\000e\000r\000g\000e\000n\000c\000e}{chapter.2}% 17
\BOOKMARK [1][]{section.2.4}{\376\377\0002\000.\0004\000\040\000S\000t\000o\000c\000h\000a\000s\000t\000i\000c\000\040\000O\000s\000c\000i\000l\000l\000a\000t\000o\000r}{chapter.2}% 18
\BOOKMARK [1][]{section.2.5}{\376\377\0002\000.\0005\000\040\000C\000h\000a\000i\000k\000i\000n\000\040\000O\000s\000c\000i\000l\000l\000a\000t\000o\000r}{chapter.2}% 19
\BOOKMARK [1][]{section.2.6}{\376\377\0002\000.\0006\000\040\000R\000e\000l\000a\000t\000i\000v\000e\000\040\000S\000t\000r\000e\000n\000g\000t\000h\000\040\000I\000n\000d\000e\000x}{chapter.2}% 20
\BOOKMARK [1][]{section.2.7}{\376\377\0002\000.\0007\000\040\000A\000r\000o\000o\000n\000\040\000I\000n\000d\000i\000c\000a\000t\000o\000r}{chapter.2}% 21
\BOOKMARK [0][]{chapter.3}{\376\377\0003\000\040\000M\000i\000x\000t\000u\000r\000e\000\040\000M\000o\000d\000e\000l\000s}{}% 22
\BOOKMARK [1][]{section.3.1}{\376\377\0003\000.\0001\000\040\000M\000i\000x\000t\000u\000r\000e\000\040\000D\000i\000s\000t\000r\000i\000b\000u\000t\000i\000o\000n\000s}{chapter.3}% 23
\BOOKMARK [1][]{section.3.2}{\376\377\0003\000.\0002\000\040\000G\000a\000u\000s\000s\000i\000a\000n\000\040\000M\000i\000x\000t\000u\000r\000e\000\040\000M\000o\000d\000e\000l\000s}{chapter.3}% 24
\BOOKMARK [2][]{subsection.3.2.1}{\376\377\0003\000.\0002\000.\0001\000\040\000P\000a\000r\000a\000m\000e\000t\000e\000r\000\040\000e\000s\000t\000i\000m\000a\000t\000i\000o\000n}{section.3.2}% 25
\BOOKMARK [0][]{chapter*.19}{\376\377\000R\000e\000f\000e\000r\000e\000n\000c\000e\000s}{}% 26
\BOOKMARK [0][]{appendix.a.A}{\376\377\000A\000p\000p\000e\000n\000d\000i\000x\000\040\000A\000\040\000M\000a\000x\000i\000m\000u\000m\000\040\000l\000i\000k\000e\000l\000i\000h\000o\000o\000d\000\040\000r\000e\000s\000u\000l\000t\000s}{}% 27
\BOOKMARK [0][]{appendix.a.B}{\376\377\000A\000p\000p\000e\000n\000d\000i\000x\000\040\000B\000\040\000P\000y\000t\000h\000o\000n\000\040\000c\000o\000d\000e}{}% 28
